C51 COMPILER V9.55   SMARTHOME                                                             12/28/2016 23:29:22 PAGE 1   


C51 COMPILER V9.55, COMPILATION OF MODULE SMARTHOME
OBJECT MODULE PLACED IN .\Objects\smarthome.obj
COMPILER INVOKED BY: D:\Program Files (x86)\Keil_v5\C51\BIN\C51.EXE smarthome.c OPTIMIZE(8,SPEED) BROWSE DEBUG OBJECTEXT
                    -END PRINT(.\Listings\smarthome.lst) TABS(2) OBJECT(.\Objects\smarthome.obj)

line level    source

   1          #include<reg52.h>               
   2          
   3          //函数声明 
   4          void SendStr(unsigned char *s);
   5          void DelayUs2x(unsigned char t);
   6          void DelayMs(unsigned char t);
   7          void sendIOData();
   8          
   9          unsigned int times = 0;
  10          
  11          unsigned char send[5];
  12          
  13          sbit KEY1 = P0 ^ 0;  //定义按键输入端口
  14          sbit KEY2 = P0 ^ 1;  //定义按键输入端口
  15          sbit KEY3 = P0 ^ 2;  //定义红外检测端口
  16          sbit LED1 = P1 ^ 0;
  17          sbit LED2 = P1 ^ 1;
  18          int flag1 = 1;
  19          int flag2 = 1;
  20          int flag3 = 1;
  21          
  22          /*------------------------------------------------
  23           串口初始化
  24           ------------------------------------------------*/
  25          void InitUART(void) {
  26   1        SCON = 0x50;            // SCON: 模式 1, 8-bit UART, 使能接收  
  27   1        TMOD |= 0x20;               // TMOD: timer 1, mode 2, 8-bit 重装
  28   1        TH1 = 0xFD;               // TH1:  重装值 9600 波特率 晶振 11.0592MHz  
  29   1        TR1 = 1; //启动定时器                
  30   1        EA = 1;                  //打开总中断
  31   1        ES = 1;                  //打开串口中断
  32   1      }
  33          void SendByte(unsigned char dat);
  34          
  35          void checkbtn();
  36          void checkToggle();
  37          /*------------------------------------------------
  38           主函数
  39           ------------------------------------------------*/
  40          
  41          void main(void) {
  42   1        int i = 100;
  43   1        InitUART();
  44   1      
  45   1        //先输出0，再输出1，才能真正输出
  46   1        P0 = 0x00;
  47   1        P1 = 0x00;
  48   1        P2 = 0x00;
  49   1        P3 = 0x00;
  50   1      
  51   1        P0 = 0xff;
  52   1        P1 = 0xff;
  53   1        P2 = 0xff;
  54   1        P3 = 0xff;
C51 COMPILER V9.55   SMARTHOME                                                             12/28/2016 23:29:22 PAGE 2   

  55   1      
  56   1        KEY1 = 1; //按键输入端口电平置高
  57   1        KEY2 = 1;
  58   1      
  59   1      //    SendByte(0xff);
  60   1      //    while(i-->0){
  61   1      //      j=100;
  62   1      //      while(j-->0);
  63   1      //    }
  64   1        checkToggle();
  65   1        //主循环中添加其他需要一直工作的程序
  66   1      }
  67          
  68          //检测触发器,和红外感应模块
  69          void checkToggle() {
  70   1        flag1 = KEY1;
  71   1        flag2 = KEY2;
  72   1        flag3 = KEY3;
  73   1        while (1) {
  74   2          if (flag1 ^ KEY1) {
  75   3            flag1 = KEY1;
  76   3            LED1 = !LED1;
  77   3            sendIOData();
  78   3          }
  79   2          if (flag2 ^ KEY2) {
  80   3            flag2 = KEY2;
  81   3            LED2 = !LED2;
  82   3            sendIOData();
  83   3          }
  84   2          
  85   2          
  86   2          if (KEY3&&flag3==0&&!LED2) {
  87   3            LED2 = 1;
  88   3            //LED1 = KEY3;
  89   3            sendIOData();
  90   3          }
  91   2          flag3=KEY3;
  92   2        }
  93   1      }
  94          
  95          //检测两个按键
  96          void checkbtn() {
  97   1        while (1) {
  98   2      
  99   2          if (!KEY1 || !KEY2)  //如果检测到低电平，说明按键按下
 100   2              {
 101   3            DelayMs(10); //延时去抖，一般10-20ms
 102   3            if (!KEY1 || !KEY2)     //再次确认按键是否按下，没有按下则退出
 103   3                {
 104   4              flag1 = !KEY1;
 105   4              flag2 = !KEY2;
 106   4              while (!KEY1 || !KEY2)
 107   4                ;     //如果确认按下按键等待按键释放，没有释放则一直等待
 108   4      
 109   4              if (flag1) {
 110   5                LED1 = !LED1;
 111   5              }
 112   4              if (flag2) {
 113   5                LED2 = !LED2;
 114   5              }
 115   4              sendIOData();
 116   4      
C51 COMPILER V9.55   SMARTHOME                                                             12/28/2016 23:29:22 PAGE 3   

 117   4            }
 118   3          }
 119   2        }
 120   1      }
 121          
 122          /*------------------------------------------------
 123           发送一个字节
 124           ------------------------------------------------*/
 125          void SendByte(unsigned char dat) {
 126   1        SBUF = dat;
 127   1        while (!TI)
 128   1          ;
 129   1        TI = 0;
 130   1      }
 131          /*------------------------------------------------
 132           发送一个字符串
 133           ------------------------------------------------*/
 134          void SendStr(unsigned char *s) {
 135   1        while (*s != '\n')     // \0 表示字符串结束标志，通过检测是否字符串末尾
 136   1        {
 137   2          SendByte(*s);
 138   2          s++;
 139   2        }
 140   1      }
 141          
 142          void receive_wait() {
 143   1        while (!RI)
 144   1          ;
 145   1        RI = 0;
 146   1      }
 147          
 148          void sendIOData() {
 149   1        send[0] = P0;
 150   1        send[1] = P1;
 151   1        send[2] = P2;
 152   1        send[3] = P3;
 153   1        send[4] = '\n';
 154   1        SendStr(send);
 155   1      }
 156          
 157          /*------------------------------------------------
 158           串口数据 控制组件
 159           ------------------------------------------------*/
 160          void UART_SER()
 161          interrupt 4
 162          {
 163   1        if(RI)                        //判断是接收中断产生
 164   1        {
 165   2          RI=0;                      //标志位清零
 166   2          switch(SBUF) {
 167   3            case 0xaa:                      //读取所有IO口的电平状态
 168   3            receive_wait();
 169   3            sendIOData();
 170   3            break;
 171   3            case 0xa0://设置P0的8位电平
 172   3            receive_wait();
 173   3            P0=SBUF;
 174   3            sendIOData();
 175   3            break;
 176   3            case 0xa1://设置P1的8位电平
 177   3            receive_wait();
 178   3            P1=SBUF;
C51 COMPILER V9.55   SMARTHOME                                                             12/28/2016 23:29:22 PAGE 4   

 179   3            flag1 = KEY1;
 180   3            flag2 = KEY2;
 181   3            sendIOData();
 182   3            break;
 183   3            case 0xa2://设置P2的8位电平
 184   3            receive_wait();
 185   3            P2=SBUF;
 186   3            sendIOData();
 187   3            break;
 188   3            case 0xa3://设置P3的8位电平
 189   3            receive_wait();
 190   3            P3=P3&0x03|SBUF;
 191   3            sendIOData();
 192   3            break;
 193   3          }
 194   2        }
 195   1      //  if(TI)                        //如果是发送标志位，清零
 196   1      //  {
 197   1      //    TI=0;
 198   1      //  }
 199   1      }
 200          
 201          /*------------------------------------------------
 202           uS延时函数，含有输入参数 unsigned char t，无返回值
 203           unsigned char 是定义无符号字符变量，其值的范围是
 204           0~255 这里使用晶振12M，精确延时请使用汇编,大致延时
 205           长度如下 T=tx2+5 uS 
 206           ------------------------------------------------*/
 207          void DelayUs2x(unsigned char t) {
 208   1        while (--t)
 209   1          ;
 210   1      }
 211          /*------------------------------------------------
 212           mS延时函数，含有输入参数 unsigned char t，无返回值
 213           unsigned char 是定义无符号字符变量，其值的范围是
 214           0~255 这里使用晶振12M，精确延时请使用汇编
 215           ------------------------------------------------*/
 216          void DelayMs(unsigned char t) {
 217   1      
 218   1        while (t--) {
 219   2          //大致延时1mS
 220   2          DelayUs2x(245);
 221   2          DelayUs2x(245);
 222   2        }
 223   1      }
 224          


MODULE INFORMATION:   STATIC OVERLAYABLE
   CODE SIZE        =    441    ----
   CONSTANT SIZE    =   ----    ----
   XDATA SIZE       =   ----    ----
   PDATA SIZE       =   ----    ----
   DATA SIZE        =     13       2
   IDATA SIZE       =   ----    ----
   BIT SIZE         =   ----    ----
END OF MODULE INFORMATION.


C51 COMPILATION COMPLETE.  0 WARNING(S),  0 ERROR(S)
